<?xml version="1.0" encoding="UTF-8"?>
<!-- Generated by org.testng.reporters.JUnitXMLReporter -->
<testsuite ignored="0" hostname="AvianSoft" failures="0" tests="3" name="Default test" time="42.052" errors="0" timestamp="2025-07-10T15:27:59 IST">
  <testcase classname="Test1.VarDetailTC" name="getModelPageDataTest" time="15.114"/>
  <testcase classname="Test1.VarDetailTC" name="getModelPageDataTest" time="8.66"/>
  <testcase classname="Test1.VarDetailTC" name="getModelPageDataTest" time="10.338"/>
</testsuite> <!-- Default test -->
