<?xml version="1.0" encoding="UTF-8"?>
<!-- Generated by org.testng.reporters.JUnitXMLReporter -->
<testsuite ignored="0" hostname="AvianSoft" failures="0" tests="3" name="Default test" time="73.681" errors="0" timestamp="2025-07-16T18:29:54 IST">
  <testcase classname="Test1.VarDetailTC" name="getModelPageDataTest" time="24.823"/>
  <testcase classname="Test1.VarDetailTC" name="getModelPageDataTest" time="11.458"/>
  <testcase classname="Test1.VarDetailTC" name="getModelPageDataTest" time="12.697"/>
</testsuite> <!-- Default test -->
