<?xml version="1.0" encoding="UTF-8"?>
<testng-results ignored="0" total="1" passed="1" failed="0" skipped="0">
  <reporter-output>
  </reporter-output>
  <suite started-at="2025-07-08T12:56:07 IST" name="Default suite" finished-at="2025-07-08T12:56:46 IST" duration-ms="39032">
    <groups>
    </groups>
    <test started-at="2025-07-08T12:56:07 IST" name="Default test" finished-at="2025-07-08T12:56:46 IST" duration-ms="39032">
      <class name="Test1.VarDetailTC">
        <test-method is-config="true" signature="openBrowser()[pri:0, instance:Test1.VarDetailTC@6c4906d3]" started-at="2025-07-08T12:56:07 IST" name="openBrowser" finished-at="2025-07-08T12:56:17 IST" duration-ms="10330" status="PASS">
          <reporter-output>
          </reporter-output>
        </test-method> <!-- openBrowser -->
        <test-method is-config="true" signature="login()[pri:0, instance:Test1.VarDetailTC@6c4906d3]" started-at="2025-07-08T12:56:19 IST" name="login" finished-at="2025-07-08T12:56:19 IST" duration-ms="3" status="PASS">
          <reporter-output>
          </reporter-output>
        </test-method> <!-- login -->
        <test-method signature="getModelPageDataTest(java.lang.String,java.lang.String,java.lang.String,java.lang.String,java.lang.String)[pri:0, instance:Test1.VarDetailTC@6c4906d3]" started-at="2025-07-08T12:56:19 IST" name="getModelPageDataTest" data-provider="ModelDS" finished-at="2025-07-08T12:56:46 IST" duration-ms="26573" status="PASS">
          <params>
            <param index="0">
              <value>
                <![CDATA[1]]>
              </value>
            </param>
            <param index="1">
              <value>
                <![CDATA[Tata]]>
              </value>
            </param>
            <param index="2">
              <value>
                <![CDATA[Nexon]]>
              </value>
            </param>
            <param index="3">
              <value>
                <![CDATA[1.2P Smart +]]>
              </value>
            </param>
            <param index="4">
              <value>
                <![CDATA[nev]]>
              </value>
            </param>
          </params>
          <reporter-output>
          </reporter-output>
        </test-method> <!-- getModelPageDataTest -->
        <test-method is-config="true" signature="closeBrowser()[pri:0, instance:Test1.VarDetailTC@6c4906d3]" started-at="2025-07-08T12:56:46 IST" name="closeBrowser" finished-at="2025-07-08T12:56:46 IST" duration-ms="2" status="PASS">
          <reporter-output>
          </reporter-output>
        </test-method> <!-- closeBrowser -->
      </class> <!-- Test1.VarDetailTC -->
    </test> <!-- Default test -->
  </suite> <!-- Default suite -->
</testng-results>
