<?xml version="1.0" encoding="UTF-8"?>
<testng-results ignored="0" total="3" passed="3" failed="0" skipped="0">
  <reporter-output>
  </reporter-output>
  <suite started-at="2025-07-16T18:28:40 IST" name="Default suite" finished-at="2025-07-16T18:29:54 IST" duration-ms="73681">
    <groups>
    </groups>
    <test started-at="2025-07-16T18:28:40 IST" name="Default test" finished-at="2025-07-16T18:29:54 IST" duration-ms="73681">
      <class name="Test1.VarDetailTC">
        <test-method is-config="true" signature="openBrowser()[pri:0, instance:Test1.VarDetailTC@71075444]" started-at="2025-07-16T18:28:40 IST" name="openBrowser" finished-at="2025-07-16T18:29:03 IST" duration-ms="23055" status="PASS">
          <reporter-output>
          </reporter-output>
        </test-method> <!-- openBrowser -->
        <test-method is-config="true" signature="login()[pri:0, instance:Test1.VarDetailTC@71075444]" started-at="2025-07-16T18:29:05 IST" name="login" finished-at="2025-07-16T18:29:05 IST" duration-ms="6" status="PASS">
          <reporter-output>
          </reporter-output>
        </test-method> <!-- login -->
        <test-method signature="getModelPageDataTest(java.lang.String,java.lang.String,java.lang.String,java.lang.String,java.lang.String)[pri:0, instance:Test1.VarDetailTC@71075444]" started-at="2025-07-16T18:29:05 IST" name="getModelPageDataTest" data-provider="ModelDS" finished-at="2025-07-16T18:29:30 IST" duration-ms="24823" status="PASS">
          <params>
            <param index="0">
              <value>
                <![CDATA[1]]>
              </value>
            </param>
            <param index="1">
              <value>
                <![CDATA[Tata]]>
              </value>
            </param>
            <param index="2">
              <value>
                <![CDATA[Nexon]]>
              </value>
            </param>
            <param index="3">
              <value>
                <![CDATA[1.2P Smart +]]>
              </value>
            </param>
            <param index="4">
              <value>
                <![CDATA[nev]]>
              </value>
            </param>
          </params>
          <reporter-output>
          </reporter-output>
        </test-method> <!-- getModelPageDataTest -->
        <test-method is-config="true" signature="login()[pri:0, instance:Test1.VarDetailTC@71075444]" started-at="2025-07-16T18:29:30 IST" name="login" finished-at="2025-07-16T18:29:30 IST" duration-ms="2" status="PASS">
          <reporter-output>
          </reporter-output>
        </test-method> <!-- login -->
        <test-method signature="getModelPageDataTest(java.lang.String,java.lang.String,java.lang.String,java.lang.String,java.lang.String)[pri:0, instance:Test1.VarDetailTC@71075444]" started-at="2025-07-16T18:29:30 IST" name="getModelPageDataTest" data-provider="ModelDS" finished-at="2025-07-16T18:29:41 IST" duration-ms="11458" status="PASS">
          <params>
            <param index="0">
              <value>
                <![CDATA[2]]>
              </value>
            </param>
            <param index="1">
              <value>
                <![CDATA[Tata]]>
              </value>
            </param>
            <param index="2">
              <value>
                <![CDATA[Nexon EV]]>
              </value>
            </param>
            <param index="3">
              <value>
                <![CDATA[Fearless +]]>
              </value>
            </param>
            <param index="4">
              <value>
                <![CDATA[ev]]>
              </value>
            </param>
          </params>
          <reporter-output>
          </reporter-output>
        </test-method> <!-- getModelPageDataTest -->
        <test-method is-config="true" signature="login()[pri:0, instance:Test1.VarDetailTC@71075444]" started-at="2025-07-16T18:29:41 IST" name="login" finished-at="2025-07-16T18:29:41 IST" duration-ms="1" status="PASS">
          <reporter-output>
          </reporter-output>
        </test-method> <!-- login -->
        <test-method signature="getModelPageDataTest(java.lang.String,java.lang.String,java.lang.String,java.lang.String,java.lang.String)[pri:0, instance:Test1.VarDetailTC@71075444]" started-at="2025-07-16T18:29:41 IST" name="getModelPageDataTest" data-provider="ModelDS" finished-at="2025-07-16T18:29:54 IST" duration-ms="12697" status="PASS">
          <params>
            <param index="0">
              <value>
                <![CDATA[3]]>
              </value>
            </param>
            <param index="1">
              <value>
                <![CDATA[Hyundai]]>
              </value>
            </param>
            <param index="2">
              <value>
                <![CDATA[Creta]]>
              </value>
            </param>
            <param index="3">
              <value>
                <![CDATA[S(O) D MT DT Knight]]>
              </value>
            </param>
            <param index="4">
              <value>
                <![CDATA[nev]]>
              </value>
            </param>
          </params>
          <reporter-output>
          </reporter-output>
        </test-method> <!-- getModelPageDataTest -->
        <test-method is-config="true" signature="closeBrowser()[pri:0, instance:Test1.VarDetailTC@71075444]" started-at="2025-07-16T18:29:54 IST" name="closeBrowser" finished-at="2025-07-16T18:29:54 IST" duration-ms="0" status="PASS">
          <reporter-output>
          </reporter-output>
        </test-method> <!-- closeBrowser -->
      </class> <!-- Test1.VarDetailTC -->
    </test> <!-- Default test -->
  </suite> <!-- Default suite -->
</testng-results>
